<?xml version="1.0" encoding="UTF-8"?>
<!-- Generated by org.testng.reporters.JUnitReportReporter -->
<testsuite skipped="0" hostname="Home" name="com.assignment.fox.ClickShows" tests="2" failures="0" timestamp="19 Jul 2018 15:21:18 GMT" time="2.773" errors="0">
  <testcase name="writeDataExcel" time="1.904" classname="com.assignment.fox.ClickShows"/>
  <testcase name="verifyMoviesList" time="0.869" classname="com.assignment.fox.ClickShows"/>
</testsuite> <!-- com.assignment.fox.ClickShows -->
